# JRE version: OpenJDK Runtime Environment (21.0.2+13) (build 21.0.2+13-58)
# Java VM: OpenJDK 64-Bit Server VM (21.0.2+13-58, mixed mode, sharing, tiered, compressed oops, compressed class ptrs, g1 gc, bsd-amd64)
GC Precious Log:
 CardTable entry size: 512
 Card Set container configuration: InlinePtr #cards 5 size 8 Array Of Cards #cards 12 size 40 Howl #buckets 4 coarsen threshold 1843 Howl Bitmap #cards 512 size 80 coarsen threshold 460 Card regions per heap region 1 cards per card region 2048
 CPUs: 4 total, 4 available
 Memory: 8192M
 Large Page Support: Disabled
 NUMA Support: Disabled
 Compressed Oops: Enabled (Zero based)
 Heap Region Size: 1M
 Heap Min Capacity: 8M
 Heap Initial Capacity: 128M
 Heap Max Capacity: 2G
 Pre-touch: Disabled
 Parallel Workers: 4
 Concurrent Workers: 1
 Concurrent Refinement Workers: 4
 Periodic GC: Disabled
Heap:
 garbage-first heap   total 45056K, used 12442K [0x0000000780000000, 0x0000000800000000)
  region size 1024K, 2 young (2048K), 0 survivors (0K)
 Metaspace       used 15288K, committed 15616K, reserved 1114112K
  class space    used 1947K, committed 2112K, reserved 1048576K
GC Heap History (20 events):
Event: 8.316 GC heap before
{Heap before GC invocations=5 (full 2):
 garbage-first heap   total 45056K, used 16474K [0x0000000780000000, 0x0000000800000000)
  region size 1024K, 6 young (6144K), 0 survivors (0K)
 Metaspace       used 14596K, committed 14912K, reserved 1114112K
  class space    used 1945K, committed 2112K, reserved 1048576K
}
Event: 8.337 GC heap after
{Heap after GC invocations=6 (full 3):
 garbage-first heap   total 45056K, used 11382K [0x0000000780000000, 0x0000000800000000)
  region size 1024K, 0 young (0K), 0 survivors (0K)
 Metaspace       used 14596K, committed 14912K, reserved 1114112K
  class space    used 1945K, committed 2112K, reserved 1048576K
}
Event: 8.916 GC heap before
{Heap before GC invocations=6 (full 3):
 garbage-first heap   total 45056K, used 15478K [0x0000000780000000, 0x0000000800000000)
  region size 1024K, 5 young (5120K), 0 survivors (0K)
 Metaspace       used 14731K, committed 15040K, reserved 1114112K
  class space    used 1945K, committed 2112K, reserved 1048576K
}
Event: 8.932 GC heap after
{Heap after GC invocations=7 (full 4):
 garbage-first heap   total 45056K, used 11391K [0x0000000780000000, 0x0000000800000000)
  region size 1024K, 0 young (0K), 0 survivors (0K)
 Metaspace       used 14731K, committed 15040K, reserved 1114112K
  class space    used 1945K, committed 2112K, reserved 1048576K
}
Event: 9.520 GC heap before
{Heap before GC invocations=7 (full 4):
 garbage-first heap   total 45056K, used 15487K [0x0000000780000000, 0x0000000800000000)
  region size 1024K, 5 young (5120K), 0 survivors (0K)
 Metaspace       used 14839K, committed 15168K, reserved 1114112K
  class space    used 1945K, committed 2112K, reserved 1048576K
}
Event: 9.536 GC heap after
{Heap after GC invocations=8 (full 5):
 garbage-first heap   total 45056K, used 11400K [0x0000000780000000, 0x0000000800000000)
  region size 1024K, 0 young (0K), 0 survivors (0K)
 Metaspace       used 14839K, committed 15168K, reserved 1114112K
  class space    used 1945K, committed 2112K, reserved 1048576K
}
Event: 10.108 GC heap before
{Heap before GC invocations=8 (full 5):
 garbage-first heap   total 45056K, used 14472K [0x0000000780000000, 0x0000000800000000)
  region size 1024K, 5 young (5120K), 0 survivors (0K)
 Metaspace       used 15021K, committed 15360K, reserved 1114112K
  class space    used 1945K, committed 2112K, reserved 1048576K
}
Event: 10.124 GC heap after
{Heap after GC invocations=9 (full 6):
 garbage-first heap   total 45056K, used 11397K [0x0000000780000000, 0x0000000800000000)
  region size 1024K, 0 young (0K), 0 survivors (0K)
 Metaspace       used 15021K, committed 15360K, reserved 1114112K
  class space    used 1945K, committed 2112K, reserved 1048576K
}
Event: 10.697 GC heap before
{Heap before GC invocations=9 (full 6):
 garbage-first heap   total 45056K, used 16517K [0x0000000780000000, 0x0000000800000000)
  region size 1024K, 6 young (6144K), 0 survivors (0K)
 Metaspace       used 15052K, committed 15424K, reserved 1114112K
  class space    used 1945K, committed 2112K, reserved 1048576K
}
Event: 10.716 GC heap after
{Heap after GC invocations=10 (full 7):
 garbage-first heap   total 45056K, used 11398K [0x0000000780000000, 0x0000000800000000)
  region size 1024K, 0 young (0K), 0 survivors (0K)
 Metaspace       used 15052K, committed 15424K, reserved 1114112K
  class space    used 1945K, committed 2112K, reserved 1048576K
}
Event: 11.339 GC heap before
{Heap before GC invocations=10 (full 7):
 garbage-first heap   total 45056K, used 16518K [0x0000000780000000, 0x0000000800000000)
  region size 1024K, 6 young (6144K), 0 survivors (0K)
 Metaspace       used 15137K, committed 15488K, reserved 1114112K
  class space    used 1945K, committed 2112K, reserved 1048576K
}
Event: 11.377 GC heap after
{Heap after GC invocations=11 (full 8):
 garbage-first heap   total 45056K, used 11400K [0x0000000780000000, 0x0000000800000000)
  region size 1024K, 0 young (0K), 0 survivors (0K)
 Metaspace       used 15137K, committed 15488K, reserved 1114112K
  class space    used 1945K, committed 2112K, reserved 1048576K
}
Event: 11.960 GC heap before
{Heap before GC invocations=11 (full 8):
 garbage-first heap   total 45056K, used 15496K [0x0000000780000000, 0x0000000800000000)
  region size 1024K, 5 young (5120K), 0 survivors (0K)
 Metaspace       used 15149K, committed 15488K, reserved 1114112K
  class space    used 1945K, committed 2112K, reserved 1048576K
}
Event: 11.988 GC heap after
{Heap after GC invocations=12 (full 9):
 garbage-first heap   total 45056K, used 11406K [0x0000000780000000, 0x0000000800000000)
  region size 1024K, 0 young (0K), 0 survivors (0K)
 Metaspace       used 15149K, committed 15488K, reserved 1114112K
  class space    used 1945K, committed 2112K, reserved 1048576K
}
Event: 12.555 GC heap before
{Heap before GC invocations=12 (full 9):
 garbage-first heap   total 45056K, used 16526K [0x0000000780000000, 0x0000000800000000)
  region size 1024K, 6 young (6144K), 0 survivors (0K)
 Metaspace       used 15179K, committed 15488K, reserved 1114112K
  class space    used 1947K, committed 2112K, reserved 1048576K
}
Event: 12.572 GC heap after
{Heap after GC invocations=13 (full 10):
 garbage-first heap   total 45056K, used 11409K [0x0000000780000000, 0x0000000800000000)
  region size 1024K, 0 young (0K), 0 survivors (0K)
 Metaspace       used 15179K, committed 15488K, reserved 1114112K
  class space    used 1947K, committed 2112K, reserved 1048576K
}
Event: 13.191 GC heap before
{Heap before GC invocations=13 (full 10):
 garbage-first heap   total 45056K, used 16529K [0x0000000780000000, 0x0000000800000000)
  region size 1024K, 6 young (6144K), 0 survivors (0K)
 Metaspace       used 15197K, committed 15488K, reserved 1114112K
  class space    used 1947K, committed 2112K, reserved 1048576K
}
Event: 13.216 GC heap after
{Heap after GC invocations=14 (full 11):
 garbage-first heap   total 45056K, used 11411K [0x0000000780000000, 0x0000000800000000)
  region size 1024K, 0 young (0K), 0 survivors (0K)
 Metaspace       used 15197K, committed 15488K, reserved 1114112K
  class space    used 1947K, committed 2112K, reserved 1048576K
}
Event: 13.800 GC heap before
{Heap before GC invocations=14 (full 11):
 garbage-first heap   total 45056K, used 16531K [0x0000000780000000, 0x0000000800000000)
  region size 1024K, 6 young (6144K), 0 survivors (0K)
 Metaspace       used 15288K, committed 15616K, reserved 1114112K
  class space    used 1947K, committed 2112K, reserved 1048576K
}
Event: 13.821 GC heap after
{Heap after GC invocations=15 (full 12):
 garbage-first heap   total 45056K, used 11418K [0x0000000780000000, 0x0000000800000000)
  region size 1024K, 0 young (0K), 0 survivors (0K)
 Metaspace       used 15288K, committed 15616K, reserved 1114112K
  class space    used 1947K, committed 2112K, reserved 1048576K
}

